

                                                                                 
                                                                                 


 Solution Properties:

 Integral  (#/cc)                        =        0.1540D+04
 Log-mean particle diameter (microns)    =        0.9689D+01
 Geometric standard deviation            =        0.7418D+01
 Integral of (f''(x))^2                  =        0.2149D+08


 Smoothing parameter (CGCV)              =        0.3275D-10
 Tolerance used to find target (tol(2))  =        0.2500D+00
 Smoothing choice functional             =        0.5041D+00
 Quadratic functional                    =        0.6103D+00
 Interval of kernel function variance    =      ( 0.2558D+01, 0.4947D+03)
 Dimension of solution vector            =               201

 Lower interval diameter (microns)       =        0.2500D+01

 Upper interval diameter (microns)       =        0.1000D+04


 Number distribution and volume distribution:

   dia.                      dN/dlog[dia.]                 dV/dlog[dia.]
 (microns)                      (1/cm^3)                 ((microns/cm)^3)

 0.2500D+01                   0.1530D+04                    0.1252D+05
 0.2576D+01                   0.1543D+04                    0.1381D+05
 0.2654D+01                   0.1554D+04                    0.1522D+05
 0.2735D+01                   0.1564D+04                    0.1675D+05
 0.2818D+01                   0.1571D+04                    0.1841D+05
 0.2904D+01                   0.1576D+04                    0.2021D+05
 0.2992D+01                   0.1579D+04                    0.2216D+05
 0.3083D+01                   0.1580D+04                    0.2425D+05
 0.3177D+01                   0.1578D+04                    0.2650D+05
 0.3274D+01                   0.1574D+04                    0.2891D+05
 0.3373D+01                   0.1566D+04                    0.3146D+05
 0.3476D+01                   0.1554D+04                    0.3416D+05
 0.3581D+01                   0.1538D+04                    0.3699D+05
 0.3690D+01                   0.1518D+04                    0.3994D+05
 0.3803D+01                   0.1492D+04                    0.4296D+05
 0.3918D+01                   0.1462D+04                    0.4604D+05
 0.4037D+01                   0.1426D+04                    0.4913D+05
 0.4160D+01                   0.1384D+04                    0.5220D+05
 0.4287D+01                   0.1338D+04                    0.5518D+05
 0.4417D+01                   0.1286D+04                    0.5804D+05
 0.4551D+01                   0.1230D+04                    0.6071D+05
 0.4690D+01                   0.1169D+04                    0.6316D+05
 0.4832D+01                   0.1105D+04                    0.6532D+05
 0.4979D+01                   0.1039D+04                    0.6715D+05
 0.5131D+01                   0.9700D+03                    0.6860D+05
 0.5287D+01                   0.9001D+03                    0.6964D+05
 0.5448D+01                   0.8299D+03                    0.7025D+05
 0.5613D+01                   0.7600D+03                    0.7038D+05
 0.5784D+01                   0.6913D+03                    0.7004D+05
 0.5960D+01                   0.6244D+03                    0.6921D+05
 0.6141D+01                   0.5598D+03                    0.6789D+05
 0.6328D+01                   0.4981D+03                    0.6609D+05
 0.6520D+01                   0.4397D+03                    0.6383D+05
 0.6719D+01                   0.3849D+03                    0.6112D+05
 0.6923D+01                   0.3339D+03                    0.5801D+05
 0.7133D+01                   0.2869D+03                    0.5452D+05
 0.7350D+01                   0.2439D+03                    0.5071D+05
 0.7574D+01                   0.2049D+03                    0.4662D+05
 0.7804D+01                   0.1700D+03                    0.4232D+05
 0.8042D+01                   0.1391D+03                    0.3787D+05
 0.8286D+01                   0.1119D+03                    0.3334D+05
 0.8538D+01                   0.8841D+02                    0.2881D+05
 0.8798D+01                   0.6835D+02                    0.2437D+05
 0.9065D+01                   0.5154D+02                    0.2010D+05
 0.9341D+01                   0.3772D+02                    0.1610D+05
 0.9625D+01                   0.2662D+02                    0.1243D+05
 0.9918D+01                   0.1798D+02                    0.9185D+04
 0.1022D+02                   0.1148D+02                    0.6417D+04
 0.1053D+02                   0.6820D+01                    0.4169D+04
 0.1085D+02                   0.3669D+01                    0.2454D+04
 0.1118D+02                   0.1710D+01                    0.1252D+04
 0.1152D+02                   0.6327D+00                    0.5065D+03
 0.1187D+02                   0.1464D+00                    0.1282D+03
 0.1223D+02                   0.0000D+00                    0.0000D+00
 0.1260D+02                   0.0000D+00                    0.0000D+00
 0.1299D+02                   0.3469D-01                    0.3978D+02
 0.1338D+02                   0.5554D-01                    0.6968D+02
 0.1379D+02                   0.5255D-01                    0.7213D+02
 0.1421D+02                   0.3464D-01                    0.5202D+02
 0.1464D+02                   0.1527D-01                    0.2509D+02
 0.1509D+02                   0.3408D-02                    0.6126D+01
 0.1554D+02                   0.0000D+00                    0.0000D+00
 0.1602D+02                   0.0000D+00                    0.0000D+00
 0.1650D+02                   0.0000D+00                    0.0000D+00
 0.1701D+02                   0.0000D+00                    0.0000D+00
 0.1752D+02                   0.0000D+00                    0.0000D+00
 0.1806D+02                   0.0000D+00                    0.0000D+00
 0.1861D+02                   0.0000D+00                    0.0000D+00
 0.1917D+02                   0.0000D+00                    0.0000D+00
 0.1975D+02                   0.0000D+00                    0.0000D+00
 0.2035D+02                   0.0000D+00                    0.0000D+00
 0.2097D+02                   0.0000D+00                    0.0000D+00
 0.2161D+02                   0.0000D+00                    0.0000D+00
 0.2227D+02                   0.0000D+00                    0.0000D+00
 0.2295D+02                   0.0000D+00                    0.0000D+00
 0.2364D+02                   0.0000D+00                    0.0000D+00
 0.2436D+02                   0.0000D+00                    0.0000D+00
 0.2510D+02                   0.0000D+00                    0.0000D+00
 0.2587D+02                   0.0000D+00                    0.0000D+00
 0.2665D+02                   0.0000D+00                    0.0000D+00
 0.2746D+02                   0.0000D+00                    0.0000D+00
 0.2830D+02                   0.0000D+00                    0.0000D+00
 0.2916D+02                   0.0000D+00                    0.0000D+00
 0.3005D+02                   0.0000D+00                    0.0000D+00
 0.3096D+02                   0.0000D+00                    0.0000D+00
 0.3190D+02                   0.0000D+00                    0.0000D+00
 0.3287D+02                   0.0000D+00                    0.0000D+00
 0.3387D+02                   0.0000D+00                    0.0000D+00
 0.3490D+02                   0.0000D+00                    0.0000D+00
 0.3596D+02                   0.0000D+00                    0.0000D+00
 0.3706D+02                   0.0000D+00                    0.0000D+00
 0.3818D+02                   0.0000D+00                    0.0000D+00
 0.3934D+02                   0.0000D+00                    0.0000D+00
 0.4054D+02                   0.0000D+00                    0.0000D+00
 0.4177D+02                   0.0000D+00                    0.0000D+00
 0.4304D+02                   0.0000D+00                    0.0000D+00
 0.4435D+02                   0.0000D+00                    0.0000D+00
 0.4570D+02                   0.0000D+00                    0.0000D+00
 0.4709D+02                   0.0000D+00                    0.0000D+00
 0.4852D+02                   0.0000D+00                    0.0000D+00
 0.5000D+02                   0.0000D+00                    0.0000D+00
 0.5152D+02                   0.0000D+00                    0.0000D+00
 0.5309D+02                   0.0000D+00                    0.0000D+00
 0.5470D+02                   0.0000D+00                    0.0000D+00
 0.5637D+02                   0.0000D+00                    0.0000D+00
 0.5808D+02                   0.0000D+00                    0.0000D+00
 0.5985D+02                   0.0000D+00                    0.0000D+00
 0.6167D+02                   0.0000D+00                    0.0000D+00
 0.6354D+02                   0.0000D+00                    0.0000D+00
 0.6547D+02                   0.0000D+00                    0.0000D+00
 0.6746D+02                   0.0000D+00                    0.0000D+00
 0.6952D+02                   0.0000D+00                    0.0000D+00
 0.7163D+02                   0.0000D+00                    0.0000D+00
 0.7381D+02                   0.0000D+00                    0.0000D+00
 0.7605D+02                   0.0000D+00                    0.0000D+00
 0.7837D+02                   0.0000D+00                    0.0000D+00
 0.8075D+02                   0.0000D+00                    0.0000D+00
 0.8320D+02                   0.0000D+00                    0.0000D+00
 0.8573D+02                   0.0000D+00                    0.0000D+00
 0.8834D+02                   0.0000D+00                    0.0000D+00
 0.9103D+02                   0.0000D+00                    0.0000D+00
 0.9380D+02                   0.0000D+00                    0.0000D+00
 0.9665D+02                   0.0000D+00                    0.0000D+00
 0.9959D+02                   0.0000D+00                    0.0000D+00
 0.1026D+03                   0.0000D+00                    0.0000D+00
 0.1057D+03                   0.0000D+00                    0.0000D+00
 0.1090D+03                   0.0000D+00                    0.0000D+00
 0.1123D+03                   0.0000D+00                    0.0000D+00
 0.1157D+03                   0.0000D+00                    0.0000D+00
 0.1192D+03                   0.0000D+00                    0.0000D+00
 0.1228D+03                   0.0000D+00                    0.0000D+00
 0.1266D+03                   0.0000D+00                    0.0000D+00
 0.1304D+03                   0.1028D-04                    0.1194D+02
 0.1344D+03                   0.0000D+00                    0.0000D+00
 0.1385D+03                   0.0000D+00                    0.0000D+00
 0.1427D+03                   0.4221D-03                    0.6418D+03
 0.1470D+03                   0.2228D-02                    0.3705D+04
 0.1515D+03                   0.6339D-02                    0.1154D+05
 0.1561D+03                   0.1323D-01                    0.2635D+05
 0.1608D+03                   0.2270D-01                    0.4946D+05
 0.1657D+03                   0.3379D-01                    0.8052D+05
 0.1708D+03                   0.4485D-01                    0.1169D+06
 0.1760D+03                   0.5376D-01                    0.1533D+06
 0.1813D+03                   0.5832D-01                    0.1820D+06
 0.1868D+03                   0.5666D-01                    0.1934D+06
 0.1925D+03                   0.4789D-01                    0.1789D+06
 0.1984D+03                   0.3279D-01                    0.1340D+06
 0.2044D+03                   0.1461D-01                    0.6531D+05
 0.2106D+03                   0.0000D+00                    0.0000D+00
 0.2170D+03                   0.0000D+00                    0.0000D+00
 0.2236D+03                   0.3113D-01                    0.1822D+06
 0.2304D+03                   0.1147D+00                    0.7344D+06
 0.2374D+03                   0.2759D+00                    0.1933D+07
 0.2446D+03                   0.5433D+00                    0.4165D+07
 0.2521D+03                   0.9481D+00                    0.7951D+07
 0.2597D+03                   0.1523D+01                    0.1398D+08
 0.2676D+03                   0.2304D+01                    0.2313D+08
 0.2758D+03                   0.3326D+01                    0.3652D+08
 0.2842D+03                   0.4625D+01                    0.5557D+08
 0.2928D+03                   0.6238D+01                    0.8200D+08
 0.3017D+03                   0.8202D+01                    0.1179D+09
 0.3109D+03                   0.1055D+02                    0.1660D+09
 0.3203D+03                   0.1333D+02                    0.2294D+09
 0.3301D+03                   0.1656D+02                    0.3118D+09
 0.3401D+03                   0.2028D+02                    0.4177D+09
 0.3505D+03                   0.2452D+02                    0.5527D+09
 0.3611D+03                   0.2932D+02                    0.7230D+09
 0.3721D+03                   0.3471D+02                    0.9362D+09
 0.3834D+03                   0.4070D+02                    0.1201D+10
 0.3951D+03                   0.4734D+02                    0.1529D+10
 0.4071D+03                   0.5464D+02                    0.1930D+10
 0.4195D+03                   0.6263D+02                    0.2420D+10
 0.4322D+03                   0.7133D+02                    0.3016D+10
 0.4454D+03                   0.8077D+02                    0.3736D+10
 0.4589D+03                   0.9095D+02                    0.4602D+10
 0.4729D+03                   0.1019D+03                    0.5641D+10
 0.4873D+03                   0.1136D+03                    0.6882D+10
 0.5021D+03                   0.1262D+03                    0.8360D+10
 0.5173D+03                   0.1395D+03                    0.1011D+11
 0.5331D+03                   0.1537D+03                    0.1219D+11
 0.5493D+03                   0.1686D+03                    0.1463D+11
 0.5660D+03                   0.1845D+03                    0.1751D+11
 0.5832D+03                   0.2012D+03                    0.2089D+11
 0.6009D+03                   0.2187D+03                    0.2485D+11
 0.6192D+03                   0.2371D+03                    0.2947D+11
 0.6380D+03                   0.2564D+03                    0.3487D+11
 0.6574D+03                   0.2765D+03                    0.4114D+11
 0.6774D+03                   0.2975D+03                    0.4843D+11
 0.6980D+03                   0.3194D+03                    0.5688D+11
 0.7193D+03                   0.3422D+03                    0.6667D+11
 0.7411D+03                   0.3658D+03                    0.7798D+11
 0.7637D+03                   0.3904D+03                    0.9103D+11
 0.7869D+03                   0.4158D+03                    0.1061D+12
 0.8108D+03                   0.4421D+03                    0.1234D+12
 0.8355D+03                   0.4693D+03                    0.1433D+12
 0.8609D+03                   0.4973D+03                    0.1661D+12
 0.8871D+03                   0.5263D+03                    0.1924D+12
 0.9140D+03                   0.5561D+03                    0.2224D+12
 0.9418D+03                   0.5869D+03                    0.2567D+12
 0.9705D+03                   0.6185D+03                    0.2960D+12
 0.1000D+04                   0.6510D+03                    0.3409D+12


 Instrument readings:



 Instrument: UCNC    

 Channel Input data  inverted data   rsdiff.      lower bound  upper bound
    1     0.244E+01    0.179E+01    0.413E+00                            
    2     0.256E+01    0.188E+01    0.428E+00                            
    3     0.184E+01    0.197E+01   -0.989E-01                            
    4     0.269E+01    0.207E+01    0.379E+00                            
    5     0.261E+01    0.217E+01    0.269E+00                            
    6     0.214E+01    0.228E+01   -0.993E-01                            
    7     0.273E+01    0.240E+01    0.204E+00                            
    8     0.321E+01    0.252E+01    0.383E+00                            
    9     0.278E+01    0.265E+01    0.788E-01                            
   10     0.273E+01    0.278E+01   -0.284E-01                            
   11     0.286E+01    0.292E+01   -0.364E-01                            
   12     0.329E+01    0.308E+01    0.119E+00                            
   13     0.273E+01    0.323E+01   -0.302E+00                            
   14     0.325E+01    0.340E+01   -0.850E-01                            
   15     0.346E+01    0.358E+01   -0.623E-01                            
   16     0.316E+01    0.376E+01   -0.338E+00                            
   17     0.312E+01    0.396E+01   -0.475E+00                            
   18     0.367E+01    0.417E+01   -0.256E+00                            
   19     0.380E+01    0.438E+01   -0.297E+00                            
   20     0.402E+01    0.461E+01   -0.296E+00                            
   21     0.380E+01    0.485E+01   -0.537E+00                            
   22     0.414E+01    0.510E+01   -0.470E+00                            
   23     0.410E+01    0.536E+01   -0.623E+00                            
   24     0.462E+01    0.564E+01   -0.477E+00                            
   25     0.444E+01    0.593E+01   -0.704E+00                            
   26     0.496E+01    0.623E+01   -0.572E+00                            
   27     0.474E+01    0.654E+01   -0.827E+00                            
   28     0.543E+01    0.687E+01   -0.620E+00                            
   29     0.538E+01    0.721E+01   -0.787E+00                            
   30     0.573E+01    0.756E+01   -0.768E+00                            
   31     0.564E+01    0.793E+01   -0.963E+00                            
   32     0.586E+01    0.830E+01   -0.101E+01                            
   33     0.705E+01    0.869E+01   -0.617E+00                            
   34     0.679E+01    0.909E+01   -0.879E+00                            
   35     0.641E+01    0.949E+01   -0.122E+01                            
   36     0.722E+01    0.991E+01   -0.999E+00                            
   37     0.637E+01    0.103E+02   -0.157E+01                            
   38     0.872E+01    0.108E+02   -0.689E+00                            
   39     0.778E+01    0.112E+02   -0.122E+01                            
   40     0.872E+01    0.116E+02   -0.979E+00                            
   41     0.944E+01    0.120E+02   -0.844E+00                            
   42     0.868E+01    0.125E+02   -0.129E+01                            
   43     0.838E+01    0.129E+02   -0.156E+01                            
   44     0.949E+01    0.133E+02   -0.124E+01                            
   45     0.979E+01    0.137E+02   -0.125E+01                            
   46     0.103E+02    0.141E+02   -0.120E+01                            
   47     0.104E+02    0.145E+02   -0.125E+01                            
   48     0.118E+02    0.148E+02   -0.871E+00                            
   49     0.143E+02    0.152E+02   -0.240E+00                            
   50     0.129E+02    0.155E+02   -0.713E+00                            
   51     0.132E+02    0.158E+02   -0.722E+00                            
   52     0.125E+02    0.161E+02   -0.103E+01                            
   53     0.132E+02    0.164E+02   -0.894E+00                            
   54     0.143E+02    0.167E+02   -0.622E+00                            
   55     0.163E+02    0.169E+02   -0.159E+00                            
   56     0.148E+02    0.172E+02   -0.619E+00                            
   57     0.146E+02    0.174E+02   -0.728E+00                            
   58     0.162E+02    0.176E+02   -0.366E+00                            
   59     0.176E+02    0.178E+02   -0.472E-01                            
   60     0.174E+02    0.181E+02   -0.152E+00                            
   61     0.184E+02    0.183E+02    0.296E-01                            
   62     0.185E+02    0.185E+02   -0.125E-01                            
   63     0.199E+02    0.187E+02    0.263E+00                            
   64     0.192E+02    0.190E+02    0.589E-01                            
   65     0.193E+02    0.192E+02    0.156E-01                            
   66     0.205E+02    0.194E+02    0.237E+00                            
   67     0.201E+02    0.197E+02    0.914E-01                            
   68     0.208E+02    0.199E+02    0.198E+00                            
   69     0.210E+02    0.201E+02    0.194E+00                            
   70     0.195E+02    0.204E+02   -0.187E+00                            
   71     0.214E+02    0.206E+02    0.174E+00                            
   72     0.208E+02    0.208E+02    0.203E-02                            
   73     0.218E+02    0.209E+02    0.175E+00                            
   74     0.207E+02    0.211E+02   -0.796E-01                            
   75     0.226E+02    0.212E+02    0.302E+00                            
   76     0.220E+02    0.213E+02    0.141E+00                            
   77     0.208E+02    0.214E+02   -0.130E+00                            
   78     0.209E+02    0.214E+02   -0.104E+00                            
   79     0.217E+02    0.213E+02    0.805E-01                            
   80     0.185E+02    0.212E+02   -0.636E+00                            
   81     0.202E+02    0.211E+02   -0.203E+00                            
   82     0.192E+02    0.209E+02   -0.371E+00                            
   83     0.187E+02    0.206E+02   -0.425E+00                            
   84     0.182E+02    0.202E+02   -0.450E+00                            
   85     0.170E+02    0.197E+02   -0.652E+00                            
   86     0.164E+02    0.191E+02   -0.684E+00                            
   87     0.155E+02    0.185E+02   -0.757E+00                            
   88     0.154E+02    0.178E+02   -0.593E+00                            
   89     0.160E+02    0.169E+02   -0.238E+00                            
   90     0.149E+02    0.160E+02   -0.294E+00                            
   91     0.143E+02    0.151E+02   -0.213E+00                            
   92     0.129E+02    0.142E+02   -0.359E+00                            
   93     0.146E+02    0.133E+02    0.340E+00                            
   94     0.131E+02    0.125E+02    0.159E+00                            
   95     0.125E+02    0.120E+02    0.158E+00                            
   96     0.139E+02    0.116E+02    0.602E+00                            
   97     0.127E+02    0.117E+02    0.296E+00                            
   98     0.130E+02    0.121E+02    0.257E+00                            
   99     0.145E+02    0.130E+02    0.402E+00                            
  100     0.150E+02    0.142E+02    0.216E+00                            
  101     0.149E+02    0.158E+02   -0.219E+00                            
  102     0.163E+02    0.175E+02   -0.286E+00                            
  103     0.161E+02    0.192E+02   -0.762E+00                            
  104     0.173E+02    0.206E+02   -0.793E+00                            
  105     0.183E+02    0.216E+02   -0.759E+00                            
  106     0.182E+02    0.219E+02   -0.871E+00                            
  107     0.187E+02    0.215E+02   -0.661E+00                            
  108     0.181E+02    0.204E+02   -0.547E+00                            
  109     0.174E+02    0.186E+02   -0.286E+00                            
  110     0.168E+02    0.164E+02    0.104E+00                            
  111     0.150E+02    0.138E+02    0.303E+00                            
  112     0.152E+02    0.112E+02    0.102E+01                            
  113     0.135E+02    0.875E+01    0.129E+01                            
  114     0.110E+02    0.655E+01    0.135E+01                            
  115     0.936E+01    0.470E+01    0.152E+01                            
  116     0.102E+02    0.323E+01    0.218E+01                            
  117     0.675E+01    0.213E+01    0.178E+01                            
  118     0.641E+01    0.135E+01    0.200E+01                            
  119     0.427E+01    0.817E+00    0.167E+01                            
  120     0.449E+01    0.474E+00    0.189E+01                            
  121     0.346E+01    0.263E+00    0.172E+01                            
  122     0.248E+01    0.140E+00    0.149E+01                            
  123     0.201E+01    0.709E-01    0.137E+01                            
  124     0.111E+01    0.344E-01    0.102E+01                            
  125     0.940E+00    0.160E-01    0.953E+00                            
