

                                                                                 
                                                                                 


 Solution Properties:

 Integral  (#/cc)                        =        0.1112D+07
 Log-mean particle diameter (microns)    =        0.5625D+03
 Geometric standard deviation            =        0.1811D+01
 Integral of (f''(x))^2                  =        0.1255D+13


 Smoothing parameter (CGCV)              =        0.4983D-12
 Tolerance used to find target (tol(2))  =        0.2500D+00
 Smoothing choice functional             =        0.6945D+02
 Quadratic functional                    =        0.1137D+03
 Interval of kernel function variance    =      ( 0.2558D+01, 0.4947D+03)
 Dimension of solution vector            =               201

 Lower interval diameter (microns)       =        0.2500D+01

 Upper interval diameter (microns)       =        0.1000D+04


 Number distribution and volume distribution:

   dia.                      dN/dlog[dia.]                 dV/dlog[dia.]
 (microns)                      (1/cm^3)                 ((microns/cm)^3)

 0.2500D+01                   0.0000D+00                    0.0000D+00
 0.2576D+01                   0.0000D+00                    0.0000D+00
 0.2654D+01                   0.0000D+00                    0.0000D+00
 0.2735D+01                   0.0000D+00                    0.0000D+00
 0.2818D+01                   0.0000D+00                    0.0000D+00
 0.2904D+01                   0.0000D+00                    0.0000D+00
 0.2992D+01                   0.0000D+00                    0.0000D+00
 0.3083D+01                   0.0000D+00                    0.0000D+00
 0.3177D+01                   0.0000D+00                    0.0000D+00
 0.3274D+01                   0.0000D+00                    0.0000D+00
 0.3373D+01                   0.0000D+00                    0.0000D+00
 0.3476D+01                   0.0000D+00                    0.0000D+00
 0.3581D+01                   0.0000D+00                    0.0000D+00
 0.3690D+01                   0.0000D+00                    0.0000D+00
 0.3803D+01                   0.0000D+00                    0.0000D+00
 0.3918D+01                   0.0000D+00                    0.0000D+00
 0.4037D+01                   0.0000D+00                    0.0000D+00
 0.4160D+01                   0.0000D+00                    0.0000D+00
 0.4287D+01                   0.3326D+03                    0.1372D+05
 0.4417D+01                   0.1162D+04                    0.5245D+05
 0.4551D+01                   0.2528D+04                    0.1248D+06
 0.4690D+01                   0.4381D+04                    0.2366D+06
 0.4832D+01                   0.6612D+04                    0.3907D+06
 0.4979D+01                   0.9076D+04                    0.5867D+06
 0.5131D+01                   0.1162D+05                    0.8217D+06
 0.5287D+01                   0.1408D+05                    0.1090D+07
 0.5448D+01                   0.1633D+05                    0.1382D+07
 0.5613D+01                   0.1823D+05                    0.1689D+07
 0.5784D+01                   0.1971D+05                    0.1997D+07
 0.5960D+01                   0.2069D+05                    0.2293D+07
 0.6141D+01                   0.2115D+05                    0.2565D+07
 0.6328D+01                   0.2108D+05                    0.2797D+07
 0.6520D+01                   0.2052D+05                    0.2979D+07
 0.6719D+01                   0.1952D+05                    0.3099D+07
 0.6923D+01                   0.1813D+05                    0.3150D+07
 0.7133D+01                   0.1645D+05                    0.3127D+07
 0.7350D+01                   0.1457D+05                    0.3029D+07
 0.7574D+01                   0.1257D+05                    0.2859D+07
 0.7804D+01                   0.1055D+05                    0.2625D+07
 0.8042D+01                   0.8580D+04                    0.2336D+07
 0.8286D+01                   0.6744D+04                    0.2009D+07
 0.8538D+01                   0.5094D+04                    0.1660D+07
 0.8798D+01                   0.3671D+04                    0.1309D+07
 0.9065D+01                   0.2498D+04                    0.9744D+06
 0.9341D+01                   0.1581D+04                    0.6747D+06
 0.9625D+01                   0.9086D+03                    0.4242D+06
 0.9918D+01                   0.4549D+03                    0.2324D+06
 0.1022D+02                   0.1825D+03                    0.1020D+06
 0.1053D+02                   0.4656D+02                    0.2847D+05
 0.1085D+02                   0.0000D+00                    0.0000D+00
 0.1118D+02                   0.0000D+00                    0.0000D+00
 0.1152D+02                   0.1514D+02                    0.1212D+05
 0.1187D+02                   0.2883D+02                    0.2525D+05
 0.1223D+02                   0.3458D+02                    0.3313D+05
 0.1260D+02                   0.3209D+02                    0.3364D+05
 0.1299D+02                   0.2423D+02                    0.2779D+05
 0.1338D+02                   0.1476D+02                    0.1853D+05
 0.1379D+02                   0.6789D+01                    0.9319D+04
 0.1421D+02                   0.1920D+01                    0.2884D+04
 0.1464D+02                   0.9539D-01                    0.1567D+03
 0.1509D+02                   0.0000D+00                    0.0000D+00
 0.1554D+02                   0.7019D-01                    0.1380D+03
 0.1602D+02                   0.3528D-01                    0.7591D+02
 0.1650D+02                   0.0000D+00                    0.0000D+00
 0.1701D+02                   0.0000D+00                    0.0000D+00
 0.1752D+02                   0.0000D+00                    0.0000D+00
 0.1806D+02                   0.0000D+00                    0.0000D+00
 0.1861D+02                   0.0000D+00                    0.0000D+00
 0.1917D+02                   0.0000D+00                    0.0000D+00
 0.1975D+02                   0.0000D+00                    0.0000D+00
 0.2035D+02                   0.0000D+00                    0.0000D+00
 0.2097D+02                   0.0000D+00                    0.0000D+00
 0.2161D+02                   0.0000D+00                    0.0000D+00
 0.2227D+02                   0.0000D+00                    0.0000D+00
 0.2295D+02                   0.0000D+00                    0.0000D+00
 0.2364D+02                   0.0000D+00                    0.0000D+00
 0.2436D+02                   0.0000D+00                    0.0000D+00
 0.2510D+02                   0.0000D+00                    0.0000D+00
 0.2587D+02                   0.0000D+00                    0.0000D+00
 0.2665D+02                   0.0000D+00                    0.0000D+00
 0.2746D+02                   0.0000D+00                    0.0000D+00
 0.2830D+02                   0.0000D+00                    0.0000D+00
 0.2916D+02                   0.0000D+00                    0.0000D+00
 0.3005D+02                   0.0000D+00                    0.0000D+00
 0.3096D+02                   0.0000D+00                    0.0000D+00
 0.3190D+02                   0.0000D+00                    0.0000D+00
 0.3287D+02                   0.0000D+00                    0.0000D+00
 0.3387D+02                   0.0000D+00                    0.0000D+00
 0.3490D+02                   0.0000D+00                    0.0000D+00
 0.3596D+02                   0.0000D+00                    0.0000D+00
 0.3706D+02                   0.0000D+00                    0.0000D+00
 0.3818D+02                   0.0000D+00                    0.0000D+00
 0.3934D+02                   0.9308D-02                    0.2968D+03
 0.4054D+02                   0.3066D-01                    0.1070D+04
 0.4177D+02                   0.3541D-01                    0.1352D+04
 0.4304D+02                   0.0000D+00                    0.0000D+00
 0.4435D+02                   0.0000D+00                    0.0000D+00
 0.4570D+02                   0.3582D+00                    0.1790D+05
 0.4709D+02                   0.1498D+01                    0.8191D+05
 0.4852D+02                   0.3788D+01                    0.2266D+06
 0.5000D+02                   0.7433D+01                    0.4865D+06
 0.5152D+02                   0.1240D+02                    0.8882D+06
 0.5309D+02                   0.1841D+02                    0.1442D+07
 0.5470D+02                   0.2492D+02                    0.2136D+07
 0.5637D+02                   0.3118D+02                    0.2924D+07
 0.5808D+02                   0.3631D+02                    0.3725D+07
 0.5985D+02                   0.3942D+02                    0.4424D+07
 0.6167D+02                   0.3972D+02                    0.4876D+07
 0.6354D+02                   0.3670D+02                    0.4930D+07
 0.6547D+02                   0.3035D+02                    0.4460D+07
 0.6746D+02                   0.2130D+02                    0.3424D+07
 0.6952D+02                   0.1114D+02                    0.1960D+07
 0.7163D+02                   0.2633D+01                    0.5067D+06
 0.7381D+02                   0.0000D+00                    0.0000D+00
 0.7605D+02                   0.9227D+01                    0.2125D+07
 0.7837D+02                   0.3838D+02                    0.9671D+07
 0.8075D+02                   0.9737D+02                    0.2684D+08
 0.8320D+02                   0.1978D+03                    0.5965D+08
 0.8573D+02                   0.3526D+03                    0.1163D+09
 0.8834D+02                   0.5760D+03                    0.2079D+09
 0.9103D+02                   0.8835D+03                    0.3489D+09
 0.9380D+02                   0.1291D+04                    0.5580D+09
 0.9665D+02                   0.1817D+04                    0.8587D+09
 0.9959D+02                   0.2477D+04                    0.1281D+10
 0.1026D+03                   0.3291D+04                    0.1862D+10
 0.1057D+03                   0.4277D+04                    0.2648D+10
 0.1090D+03                   0.5455D+04                    0.3694D+10
 0.1123D+03                   0.6843D+04                    0.5070D+10
 0.1157D+03                   0.8461D+04                    0.6858D+10
 0.1192D+03                   0.1033D+05                    0.9159D+10
 0.1228D+03                   0.1247D+05                    0.1209D+11
 0.1266D+03                   0.1489D+05                    0.1580D+11
 0.1304D+03                   0.1762D+05                    0.2046D+11
 0.1344D+03                   0.2068D+05                    0.2627D+11
 0.1385D+03                   0.2409D+05                    0.3348D+11
 0.1427D+03                   0.2785D+05                    0.4235D+11
 0.1470D+03                   0.3201D+05                    0.5324D+11
 0.1515D+03                   0.3656D+05                    0.6653D+11
 0.1561D+03                   0.4152D+05                    0.8268D+11
 0.1608D+03                   0.4693D+05                    0.1022D+12
 0.1657D+03                   0.5278D+05                    0.1258D+12
 0.1708D+03                   0.5910D+05                    0.1541D+12
 0.1760D+03                   0.6590D+05                    0.1880D+12
 0.1813D+03                   0.7321D+05                    0.2284D+12
 0.1868D+03                   0.8102D+05                    0.2766D+12
 0.1925D+03                   0.8936D+05                    0.3338D+12
 0.1984D+03                   0.9824D+05                    0.4014D+12
 0.2044D+03                   0.1077D+06                    0.4814D+12
 0.2106D+03                   0.1177D+06                    0.5755D+12
 0.2170D+03                   0.1283D+06                    0.6863D+12
 0.2236D+03                   0.1394D+06                    0.8162D+12
 0.2304D+03                   0.1512D+06                    0.9683D+12
 0.2374D+03                   0.1636D+06                    0.1146D+13
 0.2446D+03                   0.1766D+06                    0.1354D+13
 0.2521D+03                   0.1902D+06                    0.1595D+13
 0.2597D+03                   0.2045D+06                    0.1876D+13
 0.2676D+03                   0.2194D+06                    0.2202D+13
 0.2758D+03                   0.2350D+06                    0.2580D+13
 0.2842D+03                   0.2512D+06                    0.3018D+13
 0.2928D+03                   0.2681D+06                    0.3524D+13
 0.3017D+03                   0.2857D+06                    0.4109D+13
 0.3109D+03                   0.3040D+06                    0.4782D+13
 0.3203D+03                   0.3230D+06                    0.5559D+13
 0.3301D+03                   0.3426D+06                    0.6451D+13
 0.3401D+03                   0.3630D+06                    0.7478D+13
 0.3505D+03                   0.3840D+06                    0.8656D+13
 0.3611D+03                   0.4058D+06                    0.1001D+14
 0.3721D+03                   0.4283D+06                    0.1155D+14
 0.3834D+03                   0.4515D+06                    0.1333D+14
 0.3951D+03                   0.4754D+06                    0.1535D+14
 0.4071D+03                   0.5001D+06                    0.1767D+14
 0.4195D+03                   0.5255D+06                    0.2031D+14
 0.4322D+03                   0.5516D+06                    0.2332D+14
 0.4454D+03                   0.5784D+06                    0.2676D+14
 0.4589D+03                   0.6060D+06                    0.3067D+14
 0.4729D+03                   0.6343D+06                    0.3512D+14
 0.4873D+03                   0.6634D+06                    0.4018D+14
 0.5021D+03                   0.6932D+06                    0.4593D+14
 0.5173D+03                   0.7237D+06                    0.5247D+14
 0.5331D+03                   0.7550D+06                    0.5988D+14
 0.5493D+03                   0.7870D+06                    0.6829D+14
 0.5660D+03                   0.8198D+06                    0.7782D+14
 0.5832D+03                   0.8533D+06                    0.8862D+14
 0.6009D+03                   0.8876D+06                    0.1008D+15
 0.6192D+03                   0.9226D+06                    0.1147D+15
 0.6380D+03                   0.9583D+06                    0.1303D+15
 0.6574D+03                   0.9948D+06                    0.1480D+15
 0.6774D+03                   0.1032D+07                    0.1680D+15
 0.6980D+03                   0.1070D+07                    0.1906D+15
 0.7193D+03                   0.1109D+07                    0.2160D+15
 0.7411D+03                   0.1148D+07                    0.2448D+15
 0.7637D+03                   0.1189D+07                    0.2772D+15
 0.7869D+03                   0.1230D+07                    0.3137D+15
 0.8108D+03                   0.1271D+07                    0.3548D+15
 0.8355D+03                   0.1314D+07                    0.4012D+15
 0.8609D+03                   0.1357D+07                    0.4533D+15
 0.8871D+03                   0.1401D+07                    0.5120D+15
 0.9140D+03                   0.1446D+07                    0.5781D+15
 0.9418D+03                   0.1491D+07                    0.6523D+15
 0.9705D+03                   0.1537D+07                    0.7358D+15
 0.1000D+04                   0.1584D+07                    0.8296D+15


 Instrument readings:



 Instrument: UCNC    

 Channel Input data  inverted data   rsdiff.      lower bound  upper bound
    1     0.833E+01    0.000E+00    0.289E+01                            
    2     0.000E+00    0.000E+00    0.000E+00                            
    3     0.000E+00    0.000E+00    0.000E+00                            
    4     0.417E+01    0.000E+00    0.204E+01                            
    5     0.000E+00    0.000E+00    0.000E+00                            
    6     0.125E+02    0.000E+00    0.354E+01                            
    7     0.417E+01    0.000E+00    0.204E+01                            
    8     0.833E+01    0.000E+00    0.289E+01                            
    9     0.000E+00    0.000E+00    0.000E+00                            
   10     0.000E+00    0.000E+00    0.000E+00                            
   11     0.417E+01    0.000E+00    0.204E+01                            
   12     0.833E+01    0.000E+00    0.289E+01                            
   13     0.417E+01    0.000E+00    0.204E+01                            
   14     0.833E+01    0.000E+00    0.289E+01                            
   15     0.417E+01    0.000E+00    0.204E+01                            
   16     0.833E+01    0.000E+00    0.289E+01                            
   17     0.833E+01    0.000E+00    0.289E+01                            
   18     0.125E+02    0.000E+00    0.354E+01                            
   19     0.417E+01    0.000E+00    0.204E+01                            
   20     0.417E+01    0.000E+00    0.204E+01                            
   21     0.000E+00    0.000E+00    0.000E+00                            
   22     0.250E+02    0.000E+00    0.500E+01                            
   23     0.417E+01    0.000E+00    0.204E+01                            
   24     0.125E+02    0.432E-04    0.354E+01                            
   25     0.417E+01    0.537E-04    0.204E+01                            
   26     0.833E+01    0.668E-04    0.289E+01                            
   27     0.417E+01    0.831E-04    0.204E+01                            
   28     0.833E+01    0.103E-03    0.289E+01                            
   29     0.833E+01    0.129E-03    0.289E+01                            
   30     0.417E+01    0.401E-03    0.204E+01                            
   31     0.833E+01    0.509E-03    0.289E+01                            
   32     0.167E+02    0.647E-03    0.408E+01                            
   33     0.833E+01    0.822E-03    0.289E+01                            
   34     0.125E+02    0.104E-02    0.354E+01                            
   35     0.833E+01    0.200E-02    0.289E+01                            
   36     0.167E+02    0.258E-02    0.408E+01                            
   37     0.417E+01    0.332E-02    0.204E+01                            
   38     0.250E+02    0.429E-02    0.500E+01                            
   39     0.125E+02    0.554E-02    0.353E+01                            
   40     0.167E+02    0.885E-02    0.408E+01                            
   41     0.833E+01    0.115E-01    0.288E+01                            
   42     0.208E+02    0.151E-01    0.456E+01                            
   43     0.167E+02    0.196E-01    0.408E+01                            
   44     0.833E+01    0.288E-01    0.288E+01                            
   45     0.208E+02    0.379E-01    0.456E+01                            
   46     0.833E+01    0.497E-01    0.287E+01                            
   47     0.417E+01    0.697E-01    0.201E+01                            
   48     0.417E+01    0.918E-01    0.200E+01                            
   49     0.208E+02    0.121E+00    0.454E+01                            
   50     0.250E+02    0.166E+00    0.497E+01                            
   51     0.333E+02    0.218E+00    0.574E+01                            
   52     0.417E+02    0.288E+00    0.641E+01                            
   53     0.417E+02    0.388E+00    0.639E+01                            
   54     0.333E+02    0.511E+00    0.569E+01                            
   55     0.500E+02    0.682E+00    0.697E+01                            
   56     0.208E+02    0.896E+00    0.437E+01                            
   57     0.292E+02    0.119E+01    0.518E+01                            
   58     0.208E+02    0.155E+01    0.422E+01                            
   59     0.208E+02    0.204E+01    0.412E+01                            
   60     0.500E+02    0.266E+01    0.669E+01                            
   61     0.583E+02    0.348E+01    0.718E+01                            
   62     0.333E+02    0.451E+01    0.499E+01                            
   63     0.375E+02    0.584E+01    0.517E+01                            
   64     0.417E+02    0.752E+01    0.529E+01                            
   65     0.750E+02    0.966E+01    0.755E+01                            
   66     0.583E+02    0.123E+02    0.602E+01                            
   67     0.542E+02    0.157E+02    0.523E+01                            
   68     0.750E+02    0.199E+02    0.637E+01                            
   69     0.750E+02    0.250E+02    0.577E+01                            
   70     0.833E+02    0.313E+02    0.570E+01                            
   71     0.100E+03    0.389E+02    0.611E+01                            
   72     0.104E+03    0.481E+02    0.549E+01                            
   73     0.133E+03    0.591E+02    0.643E+01                            
   74     0.167E+03    0.720E+02    0.733E+01                            
   75     0.142E+03    0.872E+02    0.458E+01                            
   76     0.158E+03    0.105E+03    0.426E+01                            
   77     0.200E+03    0.125E+03    0.532E+01                            
   78     0.221E+03    0.147E+03    0.494E+01                            
   79     0.233E+03    0.173E+03    0.397E+01                            
   80     0.279E+03    0.200E+03    0.471E+01                            
   81     0.258E+03    0.230E+03    0.175E+01                            
   82     0.350E+03    0.262E+03    0.471E+01                            
   83     0.396E+03    0.295E+03    0.508E+01                            
   84     0.500E+03    0.328E+03    0.769E+01                            
   85     0.579E+03    0.361E+03    0.908E+01                            
   86     0.612E+03    0.391E+03    0.893E+01                            
   87     0.675E+03    0.505E+03    0.653E+01                            
   88     0.829E+03    0.613E+03    0.752E+01                            
   89     0.975E+03    0.785E+03    0.609E+01                            
   90     0.113E+04    0.107E+04    0.176E+01                            
   91     0.170E+04    0.154E+04    0.392E+01                            
   92     0.238E+04    0.231E+04    0.141E+01                            
   93     0.304E+04    0.352E+04   -0.869E+01                            
   94     0.427E+04    0.536E+04   -0.167E+02                            
   95     0.622E+04    0.806E+04   -0.234E+02                            
   96     0.957E+04    0.118E+05   -0.232E+02                            
   97     0.135E+05    0.169E+05   -0.291E+02                            
   98     0.195E+05    0.234E+05   -0.280E+02                            
   99     0.265E+05    0.313E+05   -0.299E+02                            
  100     0.356E+05    0.405E+05   -0.261E+02                            
  101     0.472E+05    0.505E+05   -0.154E+02                            
  102     0.584E+05    0.607E+05   -0.953E+01                            
  103     0.695E+05    0.703E+05   -0.293E+01                            
  104     0.796E+05    0.784E+05    0.421E+01                            
  105     0.867E+05    0.841E+05    0.888E+01                            
  106     0.918E+05    0.868E+05    0.165E+02                            
  107     0.924E+05    0.862E+05    0.201E+02                            
  108     0.896E+05    0.823E+05    0.242E+02                            
  109     0.834E+05    0.756E+05    0.273E+02                            
  110     0.731E+05    0.666E+05    0.240E+02                            
  111     0.606E+05    0.564E+05    0.170E+02                            
  112     0.486E+05    0.459E+05    0.124E+02                            
  113     0.376E+05    0.358E+05    0.907E+01                            
  114     0.273E+05    0.268E+05    0.313E+01                            
  115     0.192E+05    0.192E+05   -0.356E+00                            
  116     0.120E+05    0.133E+05   -0.118E+02                            
  117     0.750E+04    0.875E+04   -0.145E+02                            
  118     0.422E+04    0.553E+04   -0.201E+02                            
  119     0.222E+04    0.335E+04   -0.238E+02                            
  120     0.132E+04    0.194E+04   -0.172E+02                            
  121     0.633E+03    0.108E+04   -0.177E+02                            
  122     0.238E+03    0.572E+03   -0.217E+02                            
  123     0.125E+03    0.291E+03   -0.148E+02                            
  124     0.121E+03    0.141E+03   -0.184E+01                            
  125     0.500E+02    0.655E+02   -0.219E+01                            
